make all --print-data-base --no-builtin-variables --no-builtin-rules --question
# GNU Make 3.81
# Copyright (C) 2006  Free Software Foundation, Inc.
# This is free software; see the source for copying conditions.
# There is NO warranty; not even for MERCHANTABILITY or FITNESS FOR A
# PARTICULAR PURPOSE.

# This program built for i386-apple-darwin11.3.0
 

# Make data base, printed on Sat Aug 27 17:42:15 2022

# Variables

# automatic
<D = $(patsubst %/,%,$(dir $<))
# automatic
?F = $(notdir $?)
# makefile (from `Makefile', line 36)
SOURCES_LIST = main.c utils.c arg_utils.c list_utils.c stack.c stack_inst.c stack_inst_utlis.c stack_set.c stack_set_utils.c quick_sort.c stack_sort.c stack_sort_utils.c stack_bigsort.c debug.c
# makefile (from `Makefile', line 27)
FT_PRINTF = $(FT_PRINTF_DIRECTORY)libft_printf.a
# automatic
?D = $(patsubst %/,%,$(dir $?))
# environment
rvm_path = /Users/faraz/.rvm
# makefile (from `Makefile', line 16)
INCLUDES = -I$(HEADERS_DIRECTORY) -I$(LIBFT_HEADERS) -I$(FT_PRINTF_HEADERS)
# automatic
@D = $(patsubst %/,%,$(dir $@))
# automatic
@F = $(notdir $@)
# makefile
CURDIR := /Users/faraz/Documents/Documents/42/cursus/push_swap
# makefile
SHELL = /bin/sh
# environment
VSCODE_NLS_CONFIG = {"locale":"en-us","availableLanguages":{},"_languagePackSupport":true}
# environment
_ = /usr/bin/make
# makefile (from `Makefile', line 1)
MAKEFILE_LIST :=  Makefile
# makefile (from `Makefile', line 44)
SOURCES = $(addprefix $(SOURCES_DIRECTORY), $(SOURCES_LIST))
# makefile (from `Makefile', line 46)
OBJECTS_DIRECTORY = objects/
# environment
__CFBundleIdentifier = com.microsoft.VSCode
# environment
VSCODE_CWD = /
# makefile (from `Makefile', line 29)
FT_PRINTF_HEADERS = $(FT_PRINTF_DIRECTORY)includes/
# environment
PATH = /usr/local/bin:/usr/bin:/bin:/usr/sbin:/sbin:/usr/local/share/dotnet:~/.dotnet/tools:/Library/Apple/usr/bin:/Library/Frameworks/Mono.framework/Versions/Current/Commands:/Users/faraz/Documents/Software/flutter/bin:/Users/faraz/.rvm/bin
# makefile (from `Makefile', line 28)
FT_PRINTF_DIRECTORY = $(LIB_DIRECTORY)ft_printf/
# environment
rvm_stored_umask = 0022
# environment
LaunchInstanceID = D64E2410-4D3A-4016-A7B8-E9878229BAF6
# environment
ELECTRON_RUN_AS_NODE = 1
# default
 
.FEATURES := target-specific order-only second-expansion else-if archives jobserver check-symlink
# environment
SSH_AUTH_SOCK = /private/tmp/com.apple.launchd.84oEYJdqwC/Listeners
# automatic
%F = $(notdir $%)
# makefile (from `Makefile', line 32)
HEADERS_LIST = push_swap.h
# makefile (from `Makefile', line 35)
 
SOURCES_DIRECTORY = ./sources/
# environment
rvm_bin_path = /Users/faraz/.rvm/bin
# environment
PWD = /Users/faraz/Documents/Documents/42/cursus/push_swap
# environment
ORIGINAL_XDG_CURRENT_DESKTOP = undefined
# makefile (from `Makefile', line 51)
GREEN = \033[0;32m
# environment
VSCODE_AMD_ENTRYPOINT = vs/workbench/api/node/extensionHostProcess
# environment
HOME = /Users/faraz
# default
MAKEFILEPATH := /Applications/Xcode.app/Contents/Developer/Makefiles
# environment
VSCODE_CODE_CACHE_PATH = /Users/faraz/Library/Application Support/Code/CachedData/6d9b74a70ca9c7733b29f0456fd8195364076dda
# environment
LOGNAME = faraz
# environment
APPLICATION_INSIGHTS_NO_DIAGNOSTIC_CHANNEL = 1
# makefile (from `Makefile', line 33)
HEADERS = $(addprefix $(HEADERS_DIRECTORY), $(HEADERS_LIST))
# environment
VSCODE_HANDLES_UNCAUGHT_ERRORS = true
# automatic
^D = $(patsubst %/,%,$(dir $^))
# environment
XPC_FLAGS = 0x0
# default
MAKE = $(MAKE_COMMAND)
# default
MAKECMDGOALS := all
# environment
SHLVL = 2
# makefile (from `Makefile', line 23)
LIBFT = $(LIBFT_DIRECTORY)libft.a
# makefile (from `Makefile', line 14)
CC = gcc
# makefile (from `Makefile', line 21)
LIB_DIRECTORY = ./lib/
# default
MAKE_VERSION := 3.81
# environment
USER = faraz
# makefile
.DEFAULT_GOAL := all
# makefile (from `Makefile', line 13)
NAME = push_swap
# environment
rvm_version = 1.29.9 (latest)
# automatic
%D = $(patsubst %/,%,$(dir $%))
# default
MAKE_COMMAND := /Applications/Xcode.app/Contents/Developer/usr/bin/make
 
# default
.VARIABLES := 
# environment
TMPDIR = /var/folders/ry/tbxdcn2x34q_gjw4rn0_gv700000gn/T/
# automatic
*F = $(notdir $*)
# environment
VSCODE_IPC_HOOK = /Users/faraz/Library/Application Support/Code/1.70.1-main.sock
# environment
MallocNanoZone = 0
# makefile (from `Makefile', line 52)
RED = \033[0;31m
# makefile
MAKEFLAGS = Rrqp
# environment
MFLAGS = -Rrqp
# automatic
*D = $(patsubst %/,%,$(dir $*))
# environment
XPC_SERVICE_NAME = application.com.microsoft.VSCode.122428926.122428932
# automatic
+D = $(patsubst %/,%,$(dir $+))
# makefile (from `Makefile', line 31)
HEADERS_DIRECTORY = ./includes/
# environment
rvm_user_install_flag = 1
# automatic
+F = $(notdir $+)
# makefile (from `Makefile', line 25)
LIBFT_HEADERS = $(LIBFT_DIRECTORY)includes/
# environment
__CF_USER_TEXT_ENCODING = 0x1F5:0x0:0x0
# environment
COMMAND_MODE = unix2003
# default
MAKEFILES := 
# makefile (from `Makefile', line 47)
OBJECTS_LIST = $(patsubst %.c, %.o, $(SOURCES_LIST))
# makefile (from `Makefile', line 24)
LIBFT_DIRECTORY = $(LIB_DIRECTORY)libft/
# automatic
<F = $(notdir $<)
# environment
LC_ALL = C
# makefile (from `Makefile', line 53)
RESET = \033[0m
# makefile (from `Makefile', line 18)
LIBRARIES = -lft -lft_printf -L$(LIBFT_DIRECTORY) -L$(FT_PRINTF_DIRECTORY) 
# environment
SECURITYSESSIONID = 186a4
# automatic
^F = $(notdir $^)
# environment
rvm_prefix = /Users/faraz
# default
SUFFIXES := 
# makefile (from `Makefile', line 15)
FLAGS = -Wall -Werror -Wextra
# default
.INCLUDE_DIRS = /usr/local/include
# environment
rvm_loaded_flag = 1
# environment
MAKELEVEL := 0
# makefile (from `Makefile', line 48)
OBJECTS = $(addprefix $(OBJECTS_DIRECTORY), $(OBJECTS_LIST))
# environment
LANG = C
# environment
VSCODE_PID = 447
# variable set hash-table stats:
# Load=91/1024=9%, Rehash=0, Collisions=3/152=2%

# Pattern-specific Variable Values

# No pattern-specific variable values.

# Directories

# . (device 16777221, inode 106531967): 13 files, no impossibilities.

# 13 files, no impossibilities in 1 directories.

# Implicit Rules

objects/%.o: ./sources/%.c ./includes/push_swap.h
#  commands to execute (from `Makefile', line 69):
	@$(CC) $(FLAGS) -c $(INCLUDES) $< -o $@
	@echo ".\c"
	

# 1 implicit rules, 0 (0.0%) terminal.

# Files

# Not a target:
objects/stack_inst_utlis.o:
#  Implicit rule search has not been done.
#  Modification time never checked.
#  File has not been updated.

# Not a target:
objects/debug.o:
#  Implicit rule search has not been done.
#  Modification time never checked.
#  File has not been updated.

objects:
#  Implicit rule search has not been done.
#  Modification time never checked.
#  File has not been updated.
#  commands to execute (from `Makefile', line 65):
	@mkdir -p $(OBJECTS_DIRECTORY)
	@echo "$(NAME): $(GREEN)$(OBJECTS_DIRECTORY) was created$(RESET)"
	

 
all: push_swap
#  Phony target (prerequisite of .PHONY).
#  Command-line target.
#  Implicit rule search has not been done.
#  File does not exist.
#  File has been updated.
#  Needs to be updated (-q is set).
# variable set hash-table stats:
# Load=0/32=0%, Rehash=0, Collisions=0/12=0%

.PHONY: all bonus clean fclean re
#  Implicit rule search has not been done.
#  Modification time never checked.
#  File has not been updated.

# Not a target:
objects/stack_set.o:
#  Implicit rule search has not been done.
#  Modification time never checked.
#  File has not been updated.

# Not a target:
objects/stack_sort.o:
#  Implicit rule search has not been done.
#  Modification time never checked.
#  File has not been updated.

# Not a target:
objects/utils.o:
#  Implicit rule search has not been done.
#  Modification time never checked.
#  File has not been updated.

# Not a target:
objects/stack.o:
#  Implicit rule search has not been done.
#  Modification time never checked.
#  File has not been updated.

lib/ft_printf/libft_printf.a:
#  Implicit rule search has not been done.
#  Implicit/static pattern stem: `'
#  File does not exist.
#  File has been updated.
#  Needs to be updated (-q is set).
# automatic
# @ := lib/ft_printf/libft_printf.a
# automatic
# % := 
# automatic
# * := 
# automatic
# + := 
# automatic
# | := 
# automatic
# < := 
# automatic
# ^ := 
# automatic
# ? := 
# variable set hash-table stats:
# Load=8/32=25%, Rehash=0, Collisions=8/20=40%
#  commands to execute (from `Makefile', line 77):
	@echo "$(NAME): $(GREEN)Creating $(FT_PRINTF)...$(RESET)"
	@$(MAKE) -sC $(FT_PRINTF_DIRECTORY)
	

# Not a target:
.SUFFIXES:
#  Implicit rule search has not been done.
#  Modification time never checked.
#  File has not been updated.

# Not a target:
Makefile:
#  Implicit rule search has been done.
#  Last modified 2022-08-27 17:41:47
#  File has been updated.
#  Successfully updated.
# variable set hash-table stats:
# Load=0/32=0%, Rehash=0, Collisions=0/0=0%

# Not a target:
objects/list_utils.o:
#  Implicit rule search has not been done.
#  Modification time never checked.
#  File has not been updated.

# Not a target:
objects/stack_inst.o:
#  Implicit rule search has not been done.
#  Modification time never checked.
#  File has not been updated.

# Not a target:
objects/arg_utils.o:
#  Implicit rule search has not been done.
#  Modification time never checked.
#  File has not been updated.

bonus: all
#  Phony target (prerequisite of .PHONY).
#  Implicit rule search has not been done.
#  File does not exist.
#  File has not been updated.

fclean: clean
#  Phony target (prerequisite of .PHONY).
#  Implicit rule search has not been done.
#  File does not exist.
#  File has not been updated.
#  commands to execute (from `Makefile', line 87):
	@rm -f $(FT_PRINTF)
	@echo "$(NAME): $(RED)$(FT_PRINTF) was deleted$(RESET)"
	@rm -f $(LIBFT)
	@echo "$(NAME): $(RED)$(LIBFT) was deleted$(RESET)"
	@rm -f $(NAME)
	@echo "$(NAME): $(RED)$(NAME) was deleted$(RESET)"
	

# Not a target:
.DEFAULT:
#  Implicit rule search has not been done.
#  Modification time never checked.
#  File has not been updated.

re:
#  Phony target (prerequisite of .PHONY).
#  Implicit rule search has not been done.
#  File does not exist.
#  File has not been updated.
#  commands to execute (from `Makefile', line 95):
	@$(MAKE) fclean
	@$(MAKE) all
	

clean:
#  Phony target (prerequisite of .PHONY).
#  Implicit rule search has not been done.
#  File does not exist.
#  File has not been updated.
#  commands to execute (from `Makefile', line 81):
	@$(MAKE) -sC $(LIBFT_DIRECTORY) clean
	@$(MAKE) -sC $(FT_PRINTF_DIRECTORY) clean
	@rm -rf $(OBJECTS_DIRECTORY)
	@echo "$(NAME): $(RED)object files were deleted$(RESET)"
	

push_swap: lib/libft/libft.a lib/ft_printf/libft_printf.a objects objects/main.o objects/utils.o objects/arg_utils.o objects/list_utils.o objects/stack.o objects/stack_inst.o objects/stack_inst_utlis.o objects/stack_set.o objects/stack_set_utils.o objects/quick_sort.o objects/stack_sort.o objects/stack_sort_utils.o objects/stack_bigsort.o objects/debug.o
#  Implicit rule search has not been done.
#  Last modified 2022-08-18 17:44:15
#  File has been updated.
#  Needs to be updated (-q is set).
# variable set hash-table stats:
# Load=0/32=0%, Rehash=0, Collisions=0/12=0%
#  commands to execute (from `Makefile', line 60):
	@$(CC) $(FLAGS) $(OBJECTS) $(LIBRARIES) $(INCLUDES) -o $(NAME)
	@echo "\n$(NAME): $(GREEN)object files were created$(RESET)"
	@echo "$(NAME): $(GREEN)$(NAME) was created$(RESET)"
	

# Not a target:
objects/stack_bigsort.o:
#  Implicit rule search has not been done.
#  Modification time never checked.
#  File has not been updated.

# Not a target:
objects/stack_set_utils.o:
#  Implicit rule search has not been done.
#  Modification time never checked.
#  File has not been updated.

# Not a target:
objects/main.o:
#  Implicit rule search has not been done.
#  Modification time never checked.
#  File has not been updated.

# Not a target:
objects/stack_sort_utils.o:
#  Implicit rule search has not been done.
#  Modification time never checked.
#  File has not been updated.

lib/libft/libft.a:
#  Implicit rule search has not been done.
#  Last modified 2022-06-05 21:06:12
#  File has been updated.
#  Successfully updated.
#  commands to execute (from `Makefile', line 73):
	@echo "$(NAME): $(GREEN)Creating $(LIBFT)...$(RESET)"
	@$(MAKE) -sC $(LIBFT_DIRECTORY)
	

# Not a target:
objects/quick_sort.o:
#  Implicit rule search has not been done.
#  Modification time never checked.
#  File has not been updated.

# files hash-table stats:
# Load=27/1024=3%, Rehash=0, Collisions=0/66=0%
# VPATH Search Paths

# No `vpath' search paths.

# No general (`VPATH' variable) search path.

# # of strings in strcache: 1
# # of strcache buffers: 1
# strcache size: total = 4096 / max = 4096 / min = 4096 / avg = 4096
# strcache free: total = 4087 / max = 4087 / min = 4087 / avg = 4087
 

# Finished Make data base on Sat Aug 27 17:42:15 2022

 
